<?xml version="1.0" encoding="UTF-8"?>
<testng-results ignored="0" total="2" passed="2" failed="0" skipped="0">
  <reporter-output>
  </reporter-output>
  <suite started-at="2024-02-28T12:23:54 IST" name="Suite" finished-at="2024-02-28T12:24:03 IST" duration-ms="8824">
    <groups>
    </groups>
    <test started-at="2024-02-28T12:23:54 IST" name="Test" finished-at="2024-02-28T12:24:03 IST" duration-ms="8824">
      <class name="Testng.Test1">
        <test-method is-config="true" signature="launch()[pri:0, instance:Testng.Test1@78691363]" started-at="2024-02-28T12:23:54 IST" name="launch" finished-at="2024-02-28T12:23:58 IST" duration-ms="3465" status="PASS">
          <reporter-output>
          </reporter-output>
        </test-method> <!-- launch -->
        <test-method signature="google()[pri:0, instance:Testng.Test1@78691363]" started-at="2024-02-28T12:23:58 IST" name="google" finished-at="2024-02-28T12:24:00 IST" duration-ms="1714" status="PASS">
          <reporter-output>
          </reporter-output>
        </test-method> <!-- google -->
        <test-method is-config="true" signature="quit()[pri:0, instance:Testng.Test1@78691363]" started-at="2024-02-28T12:24:00 IST" name="quit" finished-at="2024-02-28T12:24:00 IST" duration-ms="322" status="PASS">
          <reporter-output>
          </reporter-output>
        </test-method> <!-- quit -->
        <test-method is-config="true" signature="launch()[pri:0, instance:Testng.Test1@78691363]" started-at="2024-02-28T12:24:00 IST" name="launch" finished-at="2024-02-28T12:24:02 IST" duration-ms="1553" status="PASS">
          <reporter-output>
          </reporter-output>
        </test-method> <!-- launch -->
        <test-method signature="yahoo()[pri:1, instance:Testng.Test1@78691363]" started-at="2024-02-28T12:24:02 IST" name="yahoo" finished-at="2024-02-28T12:24:03 IST" duration-ms="1358" status="PASS">
          <reporter-output>
          </reporter-output>
        </test-method> <!-- yahoo -->
        <test-method is-config="true" signature="quit()[pri:0, instance:Testng.Test1@78691363]" started-at="2024-02-28T12:24:03 IST" name="quit" finished-at="2024-02-28T12:24:03 IST" duration-ms="317" status="PASS">
          <reporter-output>
          </reporter-output>
        </test-method> <!-- quit -->
      </class> <!-- Testng.Test1 -->
    </test> <!-- Test -->
  </suite> <!-- Suite -->
</testng-results>
